<?xml version="1.0" encoding="UTF-8"?>
<testng-results skipped="0" failed="0" total="1" passed="1">
  <reporter-output>
  </reporter-output>
  <suite name="Suite" duration-ms="52" started-at="2016-08-03T05:29:12Z" finished-at="2016-08-03T05:29:12Z">
    <groups>
    </groups>
    <test name="Test" duration-ms="52" started-at="2016-08-03T05:29:12Z" finished-at="2016-08-03T05:29:12Z">
      <class name="com.MavenProject.AppTest">
        <test-method status="PASS" signature="TestWelcomeMsg()[pri:0, instance:com.MavenProject.AppTest@17ed40e0]" name="TestWelcomeMsg" duration-ms="19" started-at="2016-08-02T22:29:12Z" finished-at="2016-08-02T22:29:12Z">
          <reporter-output>
          </reporter-output>
        </test-method> <!-- TestWelcomeMsg -->
      </class> <!-- com.MavenProject.AppTest -->
    </test> <!-- Test -->
  </suite> <!-- Suite -->
</testng-results>
