<?xml version="1.0" encoding="UTF-8"?>
<testng-results skipped="0" failed="0" total="1" passed="1">
  <reporter-output>
  </reporter-output>
  <suite name="Suite" duration-ms="37" started-at="2016-08-13T10:06:33Z" finished-at="2016-08-13T10:06:33Z">
    <groups>
    </groups>
    <test name="Test" duration-ms="37" started-at="2016-08-13T10:06:33Z" finished-at="2016-08-13T10:06:33Z">
      <class name="com.MavenProject.AppTest">
        <test-method status="PASS" signature="TestWelcomeMsg()[pri:0, instance:com.MavenProject.AppTest@459edf41]" name="TestWelcomeMsg" duration-ms="0" started-at="2016-08-13T03:06:33Z" finished-at="2016-08-13T03:06:33Z">
          <reporter-output>
          </reporter-output>
        </test-method> <!-- TestWelcomeMsg -->
      </class> <!-- com.MavenProject.AppTest -->
    </test> <!-- Test -->
  </suite> <!-- Suite -->
</testng-results>
